2019-11-24 18:16:01  [ http-nio-8080-exec-8:0 ] - [ DEBUG ]  Index-[test] Is Not Exist
2019-11-24 18:16:02  [ http-nio-8080-exec-8:983 ] - [ INFO ]  Create Index Success-test
2019-11-24 18:16:09  [ http-nio-8080-exec-10:7836 ] - [ INFO ]  Get Index List Success
2019-11-24 18:51:30  [ org.springframework.amqp.rabbit.RabbitListenerEndpointContainer#0-1:0 ] - [ DEBUG ]  Index-[elastic.index] Is Not Exist
2019-11-24 18:51:30  [ org.springframework.amqp.rabbit.RabbitListenerEndpointContainer#0-1:67 ] - [ DEBUG ]  Index-[elastic.index] Is Not Exist
2019-11-24 18:51:30  [ org.springframework.amqp.rabbit.RabbitListenerEndpointContainer#0-1:126 ] - [ DEBUG ]  Index-[elastic.index] Is Not Exist
2019-11-24 18:51:51  [ http-nio-8080-exec-1:20952 ] - [ DEBUG ]  Index-[test] Is Exist
2019-11-24 18:52:40  [ org.springframework.amqp.rabbit.RabbitListenerEndpointContainer#0-1:69777 ] - [ DEBUG ]  Index-[elastic.index] Is Not Exist
2019-11-24 18:52:50  [ org.springframework.amqp.rabbit.RabbitListenerEndpointContainer#0-1:79404 ] - [ DEBUG ]  Index-[elastic.index] Is Not Exist
2019-11-24 18:54:16  [ org.springframework.amqp.rabbit.RabbitListenerEndpointContainer#0-1:1 ] - [ DEBUG ]  Index-[test] Is Exist
2019-11-24 18:54:18  [ org.springframework.amqp.rabbit.RabbitListenerEndpointContainer#0-1:2300 ] - [ INFO ]  Bulk Index Success-test
2019-11-24 18:54:18  [ org.springframework.amqp.rabbit.RabbitListenerEndpointContainer#0-1:2400 ] - [ DEBUG ]  Index-[test] Is Exist
2019-11-24 18:54:20  [ org.springframework.amqp.rabbit.RabbitListenerEndpointContainer#0-1:4089 ] - [ INFO ]  Bulk Index Success-test
2019-11-24 18:54:20  [ org.springframework.amqp.rabbit.RabbitListenerEndpointContainer#0-1:4160 ] - [ DEBUG ]  Index-[test] Is Exist
2019-11-24 18:54:22  [ org.springframework.amqp.rabbit.RabbitListenerEndpointContainer#0-1:5843 ] - [ INFO ]  Bulk Index Success-test
2019-11-24 18:54:22  [ org.springframework.amqp.rabbit.RabbitListenerEndpointContainer#0-1:5913 ] - [ DEBUG ]  Index-[test] Is Exist
2019-11-24 18:54:23  [ org.springframework.amqp.rabbit.RabbitListenerEndpointContainer#0-1:7458 ] - [ INFO ]  Bulk Index Success-test
2019-11-24 18:54:23  [ org.springframework.amqp.rabbit.RabbitListenerEndpointContainer#0-1:7531 ] - [ DEBUG ]  Index-[test] Is Exist
2019-11-24 18:54:25  [ org.springframework.amqp.rabbit.RabbitListenerEndpointContainer#0-1:9009 ] - [ INFO ]  Bulk Index Success-test
2019-11-24 18:54:25  [ org.springframework.amqp.rabbit.RabbitListenerEndpointContainer#0-1:9071 ] - [ DEBUG ]  Index-[test] Is Exist
2019-11-24 18:54:26  [ org.springframework.amqp.rabbit.RabbitListenerEndpointContainer#0-1:10746 ] - [ INFO ]  Bulk Index Success-test
2019-11-24 19:41:10  [ org.springframework.amqp.rabbit.RabbitListenerEndpointContainer#0-1:0 ] - [ DEBUG ]  Index-[test] Is Exist
2019-11-24 19:42:32  [ org.springframework.amqp.rabbit.RabbitListenerEndpointContainer#0-1:0 ] - [ DEBUG ]  Index-[test] Is Exist
2019-11-24 19:42:53  [ org.springframework.amqp.rabbit.RabbitListenerEndpointContainer#0-1:0 ] - [ DEBUG ]  Index-[test] Is Exist
2019-11-24 19:42:55  [ org.springframework.amqp.rabbit.RabbitListenerEndpointContainer#0-1:2246 ] - [ INFO ]  Bulk Index Success-test
2019-11-24 19:42:55  [ org.springframework.amqp.rabbit.RabbitListenerEndpointContainer#0-1:2332 ] - [ DEBUG ]  Index-[test] Is Exist
2019-11-24 19:42:56  [ org.springframework.amqp.rabbit.RabbitListenerEndpointContainer#0-1:3805 ] - [ INFO ]  Bulk Index Success-test
2019-11-24 19:42:56  [ org.springframework.amqp.rabbit.RabbitListenerEndpointContainer#0-1:3876 ] - [ DEBUG ]  Index-[test] Is Exist
2019-11-24 19:42:58  [ org.springframework.amqp.rabbit.RabbitListenerEndpointContainer#0-1:5306 ] - [ INFO ]  Bulk Index Success-test
2019-11-24 19:42:58  [ org.springframework.amqp.rabbit.RabbitListenerEndpointContainer#0-1:5372 ] - [ DEBUG ]  Index-[test] Is Exist
2019-11-24 19:43:00  [ org.springframework.amqp.rabbit.RabbitListenerEndpointContainer#0-1:7078 ] - [ INFO ]  Bulk Index Success-test
2019-11-24 19:43:00  [ org.springframework.amqp.rabbit.RabbitListenerEndpointContainer#0-1:7159 ] - [ DEBUG ]  Index-[test] Is Exist
2019-11-24 19:43:01  [ org.springframework.amqp.rabbit.RabbitListenerEndpointContainer#0-1:8794 ] - [ INFO ]  Bulk Index Success-test
2019-11-24 19:43:01  [ org.springframework.amqp.rabbit.RabbitListenerEndpointContainer#0-1:8910 ] - [ DEBUG ]  Index-[test] Is Exist
2019-11-24 19:43:03  [ org.springframework.amqp.rabbit.RabbitListenerEndpointContainer#0-1:10359 ] - [ INFO ]  Bulk Index Success-test
2019-11-24 19:43:03  [ org.springframework.amqp.rabbit.RabbitListenerEndpointContainer#0-1:10441 ] - [ DEBUG ]  Index-[test] Is Exist
2019-11-24 19:43:04  [ org.springframework.amqp.rabbit.RabbitListenerEndpointContainer#0-1:11937 ] - [ INFO ]  Bulk Index Success-test
2019-11-24 19:43:05  [ org.springframework.amqp.rabbit.RabbitListenerEndpointContainer#0-1:12025 ] - [ DEBUG ]  Index-[test] Is Exist
2019-11-24 19:43:06  [ org.springframework.amqp.rabbit.RabbitListenerEndpointContainer#0-1:13633 ] - [ INFO ]  Bulk Index Success-test
2019-11-24 19:43:06  [ org.springframework.amqp.rabbit.RabbitListenerEndpointContainer#0-1:13716 ] - [ DEBUG ]  Index-[test] Is Exist
2019-11-24 19:43:08  [ org.springframework.amqp.rabbit.RabbitListenerEndpointContainer#0-1:15238 ] - [ INFO ]  Bulk Index Success-test
2019-11-24 19:43:08  [ org.springframework.amqp.rabbit.RabbitListenerEndpointContainer#0-1:15310 ] - [ DEBUG ]  Index-[test] Is Exist
2019-11-24 19:43:09  [ org.springframework.amqp.rabbit.RabbitListenerEndpointContainer#0-1:16690 ] - [ INFO ]  Bulk Index Success-test
2019-11-24 19:43:09  [ org.springframework.amqp.rabbit.RabbitListenerEndpointContainer#0-1:16753 ] - [ DEBUG ]  Index-[test] Is Exist
2019-11-25 09:41:30  [ org.springframework.amqp.rabbit.RabbitListenerEndpointContainer#0-1:0 ] - [ DEBUG ]  Index-[test] Is Exist
2019-11-25 09:41:32  [ org.springframework.amqp.rabbit.RabbitListenerEndpointContainer#0-1:1783 ] - [ INFO ]  Bulk Index Success-test
2019-11-25 09:41:32  [ org.springframework.amqp.rabbit.RabbitListenerEndpointContainer#0-1:1851 ] - [ DEBUG ]  Index-[test] Is Exist
2019-11-25 09:41:33  [ org.springframework.amqp.rabbit.RabbitListenerEndpointContainer#0-1:3106 ] - [ INFO ]  Bulk Index Success-test
2019-11-25 09:41:33  [ org.springframework.amqp.rabbit.RabbitListenerEndpointContainer#0-1:3168 ] - [ DEBUG ]  Index-[test] Is Exist
2019-11-25 09:41:35  [ org.springframework.amqp.rabbit.RabbitListenerEndpointContainer#0-1:4942 ] - [ INFO ]  Bulk Index Success-test
2019-11-25 09:41:35  [ org.springframework.amqp.rabbit.RabbitListenerEndpointContainer#0-1:5005 ] - [ DEBUG ]  Index-[test] Is Exist
2019-11-25 09:41:36  [ org.springframework.amqp.rabbit.RabbitListenerEndpointContainer#0-1:6272 ] - [ INFO ]  Bulk Index Success-test
2019-11-25 09:41:36  [ org.springframework.amqp.rabbit.RabbitListenerEndpointContainer#0-1:6331 ] - [ DEBUG ]  Index-[test] Is Exist
2019-11-25 09:41:38  [ org.springframework.amqp.rabbit.RabbitListenerEndpointContainer#0-1:7859 ] - [ INFO ]  Bulk Index Success-test
2019-11-25 09:41:38  [ org.springframework.amqp.rabbit.RabbitListenerEndpointContainer#0-1:7922 ] - [ DEBUG ]  Index-[test] Is Exist
2019-11-25 09:41:39  [ org.springframework.amqp.rabbit.RabbitListenerEndpointContainer#0-1:9442 ] - [ INFO ]  Bulk Index Success-test
2019-11-25 09:41:39  [ org.springframework.amqp.rabbit.RabbitListenerEndpointContainer#0-1:9502 ] - [ DEBUG ]  Index-[test] Is Exist
2019-11-25 09:41:41  [ org.springframework.amqp.rabbit.RabbitListenerEndpointContainer#0-1:11026 ] - [ INFO ]  Bulk Index Success-test
2019-11-25 09:41:41  [ org.springframework.amqp.rabbit.RabbitListenerEndpointContainer#0-1:11084 ] - [ DEBUG ]  Index-[test] Is Exist
2019-11-25 09:45:51  [ org.springframework.amqp.rabbit.RabbitListenerEndpointContainer#0-1:0 ] - [ DEBUG ]  Index-[test] Is Exist
2019-11-25 09:45:52  [ org.springframework.amqp.rabbit.RabbitListenerEndpointContainer#0-1:1896 ] - [ INFO ]  Bulk Index Success-test
2019-11-25 09:45:52  [ org.springframework.amqp.rabbit.RabbitListenerEndpointContainer#0-1:1955 ] - [ DEBUG ]  Index-[test] Is Exist
2019-11-25 09:45:54  [ org.springframework.amqp.rabbit.RabbitListenerEndpointContainer#0-1:2999 ] - [ INFO ]  Bulk Index Success-test
2019-11-25 09:45:54  [ org.springframework.amqp.rabbit.RabbitListenerEndpointContainer#0-1:3058 ] - [ DEBUG ]  Index-[test] Is Exist
2019-11-25 09:45:55  [ org.springframework.amqp.rabbit.RabbitListenerEndpointContainer#0-1:4473 ] - [ INFO ]  Bulk Index Success-test
2019-11-25 09:45:55  [ org.springframework.amqp.rabbit.RabbitListenerEndpointContainer#0-1:4533 ] - [ DEBUG ]  Index-[test] Is Exist
2019-11-25 09:45:57  [ org.springframework.amqp.rabbit.RabbitListenerEndpointContainer#0-1:6085 ] - [ INFO ]  Bulk Index Success-test
2019-11-25 09:45:57  [ org.springframework.amqp.rabbit.RabbitListenerEndpointContainer#0-1:6144 ] - [ DEBUG ]  Index-[test] Is Exist
2019-11-25 09:45:58  [ org.springframework.amqp.rabbit.RabbitListenerEndpointContainer#0-1:7685 ] - [ INFO ]  Bulk Index Success-test
2019-11-25 09:45:58  [ org.springframework.amqp.rabbit.RabbitListenerEndpointContainer#0-1:7739 ] - [ DEBUG ]  Index-[test] Is Exist
2019-11-25 09:46:00  [ org.springframework.amqp.rabbit.RabbitListenerEndpointContainer#0-1:9261 ] - [ INFO ]  Bulk Index Success-test
2019-11-25 09:46:00  [ org.springframework.amqp.rabbit.RabbitListenerEndpointContainer#0-1:9325 ] - [ DEBUG ]  Index-[test] Is Exist
2019-11-25 09:46:01  [ org.springframework.amqp.rabbit.RabbitListenerEndpointContainer#0-1:10856 ] - [ INFO ]  Bulk Index Success-test
2019-11-25 09:46:01  [ org.springframework.amqp.rabbit.RabbitListenerEndpointContainer#0-1:10911 ] - [ DEBUG ]  Index-[test] Is Exist
2019-11-25 09:46:03  [ org.springframework.amqp.rabbit.RabbitListenerEndpointContainer#0-1:12431 ] - [ INFO ]  Bulk Index Success-test
2019-11-25 09:46:03  [ org.springframework.amqp.rabbit.RabbitListenerEndpointContainer#0-1:12487 ] - [ DEBUG ]  Index-[test] Is Exist
2019-11-25 09:46:05  [ org.springframework.amqp.rabbit.RabbitListenerEndpointContainer#0-1:14008 ] - [ INFO ]  Bulk Index Success-test
2019-11-25 09:46:05  [ org.springframework.amqp.rabbit.RabbitListenerEndpointContainer#0-1:14063 ] - [ DEBUG ]  Index-[test] Is Exist
2019-11-25 09:46:06  [ org.springframework.amqp.rabbit.RabbitListenerEndpointContainer#0-1:15576 ] - [ INFO ]  Bulk Index Success-test
2019-11-25 09:46:06  [ org.springframework.amqp.rabbit.RabbitListenerEndpointContainer#0-1:15635 ] - [ DEBUG ]  Index-[test] Is Exist
2019-11-25 09:46:08  [ org.springframework.amqp.rabbit.RabbitListenerEndpointContainer#0-1:17181 ] - [ INFO ]  Bulk Index Success-test
2019-11-25 09:46:08  [ org.springframework.amqp.rabbit.RabbitListenerEndpointContainer#0-1:17239 ] - [ DEBUG ]  Index-[test] Is Exist
2019-11-25 09:46:09  [ org.springframework.amqp.rabbit.RabbitListenerEndpointContainer#0-1:18779 ] - [ INFO ]  Bulk Index Success-test
2019-11-25 09:46:09  [ org.springframework.amqp.rabbit.RabbitListenerEndpointContainer#0-1:18835 ] - [ DEBUG ]  Index-[test] Is Exist
2019-11-25 09:46:11  [ org.springframework.amqp.rabbit.RabbitListenerEndpointContainer#0-1:20373 ] - [ INFO ]  Bulk Index Success-test
2019-11-25 09:46:11  [ org.springframework.amqp.rabbit.RabbitListenerEndpointContainer#0-1:20427 ] - [ DEBUG ]  Index-[test] Is Exist
2019-11-25 09:46:12  [ org.springframework.amqp.rabbit.RabbitListenerEndpointContainer#0-1:21959 ] - [ INFO ]  Bulk Index Success-test
2019-11-25 09:46:13  [ org.springframework.amqp.rabbit.RabbitListenerEndpointContainer#0-1:22014 ] - [ DEBUG ]  Index-[test] Is Exist
2019-11-25 09:46:14  [ org.springframework.amqp.rabbit.RabbitListenerEndpointContainer#0-1:23575 ] - [ INFO ]  Bulk Index Success-test
2019-11-25 09:46:14  [ org.springframework.amqp.rabbit.RabbitListenerEndpointContainer#0-1:23631 ] - [ DEBUG ]  Index-[test] Is Exist
2019-11-25 09:46:16  [ org.springframework.amqp.rabbit.RabbitListenerEndpointContainer#0-1:25151 ] - [ INFO ]  Bulk Index Success-test
2019-11-25 09:46:16  [ org.springframework.amqp.rabbit.RabbitListenerEndpointContainer#0-1:25206 ] - [ DEBUG ]  Index-[test] Is Exist
2019-11-25 09:46:18  [ org.springframework.amqp.rabbit.RabbitListenerEndpointContainer#0-1:27565 ] - [ INFO ]  Bulk Index Success-test
2019-11-25 09:46:18  [ org.springframework.amqp.rabbit.RabbitListenerEndpointContainer#0-1:27629 ] - [ DEBUG ]  Index-[test] Is Exist
2019-11-25 09:46:19  [ org.springframework.amqp.rabbit.RabbitListenerEndpointContainer#0-1:28725 ] - [ INFO ]  Bulk Index Success-test
2019-11-25 09:46:19  [ org.springframework.amqp.rabbit.RabbitListenerEndpointContainer#0-1:28779 ] - [ DEBUG ]  Index-[test] Is Exist
2019-11-25 09:46:21  [ org.springframework.amqp.rabbit.RabbitListenerEndpointContainer#0-1:30176 ] - [ INFO ]  Bulk Index Success-test
2019-11-25 09:46:21  [ org.springframework.amqp.rabbit.RabbitListenerEndpointContainer#0-1:30230 ] - [ DEBUG ]  Index-[test] Is Exist
2019-11-25 09:46:22  [ org.springframework.amqp.rabbit.RabbitListenerEndpointContainer#0-1:31759 ] - [ INFO ]  Bulk Index Success-test
2019-11-25 09:46:22  [ org.springframework.amqp.rabbit.RabbitListenerEndpointContainer#0-1:31818 ] - [ DEBUG ]  Index-[test] Is Exist
2019-11-25 09:46:24  [ org.springframework.amqp.rabbit.RabbitListenerEndpointContainer#0-1:33378 ] - [ INFO ]  Bulk Index Success-test
2019-11-25 09:46:24  [ org.springframework.amqp.rabbit.RabbitListenerEndpointContainer#0-1:33435 ] - [ DEBUG ]  Index-[test] Is Exist
2019-11-25 09:46:25  [ org.springframework.amqp.rabbit.RabbitListenerEndpointContainer#0-1:34981 ] - [ INFO ]  Bulk Index Success-test
2019-11-25 09:46:26  [ org.springframework.amqp.rabbit.RabbitListenerEndpointContainer#0-1:35040 ] - [ DEBUG ]  Index-[test] Is Exist
2019-11-25 09:46:27  [ org.springframework.amqp.rabbit.RabbitListenerEndpointContainer#0-1:36591 ] - [ INFO ]  Bulk Index Success-test
2019-11-25 09:49:00  [ org.springframework.amqp.rabbit.RabbitListenerEndpointContainer#0-1:189043 ] - [ DEBUG ]  Index-[test] Is Exist
2019-11-25 09:49:00  [ org.springframework.amqp.rabbit.RabbitListenerEndpointContainer#0-1:189149 ] - [ INFO ]  Bulk Index Success-test
2019-11-25 09:49:10  [ org.springframework.amqp.rabbit.RabbitListenerEndpointContainer#0-1:199032 ] - [ DEBUG ]  Index-[test] Is Exist
2019-11-25 09:49:10  [ org.springframework.amqp.rabbit.RabbitListenerEndpointContainer#0-1:199137 ] - [ INFO ]  Bulk Index Success-test
2019-11-25 10:53:42  [ org.springframework.amqp.rabbit.RabbitListenerEndpointContainer#0-1:0 ] - [ DEBUG ]  Index-[test] Is Exist
2019-11-25 10:53:42  [ org.springframework.amqp.rabbit.RabbitListenerEndpointContainer#0-1:219 ] - [ INFO ]  Bulk Index Success-test
2019-11-25 10:53:42  [ org.springframework.amqp.rabbit.RabbitListenerEndpointContainer#0-1:249 ] - [ DEBUG ]  Index-[test] Is Exist
2019-11-25 10:53:42  [ org.springframework.amqp.rabbit.RabbitListenerEndpointContainer#0-1:394 ] - [ INFO ]  Bulk Index Success-test
2019-11-25 10:53:42  [ org.springframework.amqp.rabbit.RabbitListenerEndpointContainer#0-1:423 ] - [ DEBUG ]  Index-[test] Is Exist
2019-11-25 10:53:42  [ org.springframework.amqp.rabbit.RabbitListenerEndpointContainer#0-1:540 ] - [ INFO ]  Bulk Index Success-test
2019-11-25 10:53:42  [ org.springframework.amqp.rabbit.RabbitListenerEndpointContainer#0-1:568 ] - [ DEBUG ]  Index-[test] Is Exist
2019-11-25 10:53:43  [ org.springframework.amqp.rabbit.RabbitListenerEndpointContainer#0-1:683 ] - [ INFO ]  Bulk Index Success-test
2019-11-25 10:53:43  [ org.springframework.amqp.rabbit.RabbitListenerEndpointContainer#0-1:713 ] - [ DEBUG ]  Index-[test] Is Exist
2019-11-25 10:53:43  [ org.springframework.amqp.rabbit.RabbitListenerEndpointContainer#0-1:843 ] - [ INFO ]  Bulk Index Success-test
2019-11-25 10:53:43  [ org.springframework.amqp.rabbit.RabbitListenerEndpointContainer#0-1:872 ] - [ DEBUG ]  Index-[test] Is Exist
2019-11-25 10:53:43  [ org.springframework.amqp.rabbit.RabbitListenerEndpointContainer#0-1:986 ] - [ INFO ]  Bulk Index Success-test
2019-11-25 10:58:14  [ org.springframework.amqp.rabbit.RabbitListenerEndpointContainer#0-1:0 ] - [ DEBUG ]  Index-[test] Is Exist
2019-11-25 10:58:59  [ org.springframework.amqp.rabbit.RabbitListenerEndpointContainer#0-1:44795 ] - [ ERROR ]  Internal Server Error
2019-11-25 10:58:59  [ org.springframework.amqp.rabbit.RabbitListenerEndpointContainer#0-1:44886 ] - [ DEBUG ]  Index-[test] Is Exist
2019-11-25 10:59:10  [ org.springframework.amqp.rabbit.RabbitListenerEndpointContainer#0-1:0 ] - [ DEBUG ]  Index-[test] Is Exist
2019-11-25 10:59:11  [ org.springframework.amqp.rabbit.RabbitListenerEndpointContainer#0-1:1758 ] - [ INFO ]  Bulk Index Success-test
2019-11-25 10:59:11  [ org.springframework.amqp.rabbit.RabbitListenerEndpointContainer#0-1:1820 ] - [ DEBUG ]  Index-[test] Is Exist
2019-11-25 10:59:12  [ org.springframework.amqp.rabbit.RabbitListenerEndpointContainer#0-1:2909 ] - [ INFO ]  Bulk Index Success-test
2019-11-25 10:59:12  [ org.springframework.amqp.rabbit.RabbitListenerEndpointContainer#0-1:2966 ] - [ DEBUG ]  Index-[test] Is Exist
2019-11-25 10:59:14  [ org.springframework.amqp.rabbit.RabbitListenerEndpointContainer#0-1:4487 ] - [ INFO ]  Bulk Index Success-test
2019-11-25 10:59:14  [ org.springframework.amqp.rabbit.RabbitListenerEndpointContainer#0-1:4557 ] - [ DEBUG ]  Index-[test] Is Exist
2019-11-25 10:59:16  [ org.springframework.amqp.rabbit.RabbitListenerEndpointContainer#0-1:6167 ] - [ INFO ]  Bulk Index Success-test
2019-11-25 10:59:16  [ org.springframework.amqp.rabbit.RabbitListenerEndpointContainer#0-1:6222 ] - [ DEBUG ]  Index-[test] Is Exist
2019-11-25 10:59:17  [ org.springframework.amqp.rabbit.RabbitListenerEndpointContainer#0-1:7676 ] - [ INFO ]  Bulk Index Success-test
2019-11-25 10:59:59  [ org.springframework.amqp.rabbit.RabbitListenerEndpointContainer#0-1:49214 ] - [ DEBUG ]  Index-[test] Is Exist
2019-11-25 11:00:00  [ org.springframework.amqp.rabbit.RabbitListenerEndpointContainer#0-1:50498 ] - [ INFO ]  Bulk Index Success-test
2019-11-25 11:00:10  [ org.springframework.amqp.rabbit.RabbitListenerEndpointContainer#0-1:60383 ] - [ DEBUG ]  Index-[test] Is Exist
2019-11-25 11:27:19  [ org.springframework.amqp.rabbit.RabbitListenerEndpointContainer#0-1:0 ] - [ DEBUG ]  Index-[test] Is Exist
2019-11-25 11:27:19  [ org.springframework.amqp.rabbit.RabbitListenerEndpointContainer#0-1:229 ] - [ INFO ]  Bulk Index Success-test
2019-11-25 11:27:19  [ org.springframework.amqp.rabbit.RabbitListenerEndpointContainer#0-1:260 ] - [ DEBUG ]  Index-[test] Is Exist
2019-11-25 11:27:19  [ org.springframework.amqp.rabbit.RabbitListenerEndpointContainer#0-1:379 ] - [ INFO ]  Bulk Index Success-test
2019-11-25 11:27:19  [ org.springframework.amqp.rabbit.RabbitListenerEndpointContainer#0-1:407 ] - [ DEBUG ]  Index-[test] Is Exist
2019-11-25 11:27:19  [ org.springframework.amqp.rabbit.RabbitListenerEndpointContainer#0-1:527 ] - [ INFO ]  Bulk Index Success-test
2019-11-25 11:27:19  [ org.springframework.amqp.rabbit.RabbitListenerEndpointContainer#0-1:557 ] - [ DEBUG ]  Index-[test] Is Exist
2019-11-25 11:27:19  [ org.springframework.amqp.rabbit.RabbitListenerEndpointContainer#0-1:674 ] - [ INFO ]  Bulk Index Success-test
2019-11-25 11:27:19  [ org.springframework.amqp.rabbit.RabbitListenerEndpointContainer#0-1:704 ] - [ DEBUG ]  Index-[test] Is Exist
2019-11-25 11:27:19  [ org.springframework.amqp.rabbit.RabbitListenerEndpointContainer#0-1:831 ] - [ INFO ]  Bulk Index Success-test
2019-11-25 11:27:19  [ org.springframework.amqp.rabbit.RabbitListenerEndpointContainer#0-1:859 ] - [ DEBUG ]  Index-[test] Is Exist
2019-11-25 11:27:20  [ org.springframework.amqp.rabbit.RabbitListenerEndpointContainer#0-1:978 ] - [ INFO ]  Bulk Index Success-test
2019-11-25 11:27:20  [ org.springframework.amqp.rabbit.RabbitListenerEndpointContainer#0-1:1007 ] - [ DEBUG ]  Index-[test] Is Exist
2019-11-25 11:27:20  [ org.springframework.amqp.rabbit.RabbitListenerEndpointContainer#0-1:1123 ] - [ INFO ]  Bulk Index Success-test
2019-11-25 11:28:20  [ org.springframework.amqp.rabbit.RabbitListenerEndpointContainer#0-1:61296 ] - [ DEBUG ]  Index-[test] Is Exist
2019-11-25 11:28:20  [ org.springframework.amqp.rabbit.RabbitListenerEndpointContainer#0-1:61421 ] - [ INFO ]  Bulk Index Success-test
2019-11-25 11:28:30  [ org.springframework.amqp.rabbit.RabbitListenerEndpointContainer#0-1:70978 ] - [ DEBUG ]  Index-[test] Is Exist
2019-11-25 11:28:30  [ org.springframework.amqp.rabbit.RabbitListenerEndpointContainer#0-1:71092 ] - [ INFO ]  Bulk Index Success-test
2019-11-25 11:28:40  [ org.springframework.amqp.rabbit.RabbitListenerEndpointContainer#0-1:80969 ] - [ DEBUG ]  Index-[test] Is Exist
2019-11-25 11:28:40  [ org.springframework.amqp.rabbit.RabbitListenerEndpointContainer#0-1:81083 ] - [ INFO ]  Bulk Index Success-test
2019-11-25 11:29:43  [ org.springframework.amqp.rabbit.RabbitListenerEndpointContainer#0-1:0 ] - [ DEBUG ]  Index-[test] Is Exist
2019-11-25 11:29:43  [ org.springframework.amqp.rabbit.RabbitListenerEndpointContainer#0-1:214 ] - [ INFO ]  Bulk Index Success-test
2019-11-25 11:29:43  [ org.springframework.amqp.rabbit.RabbitListenerEndpointContainer#0-1:242 ] - [ DEBUG ]  Index-[test] Is Exist
2019-11-25 11:29:43  [ org.springframework.amqp.rabbit.RabbitListenerEndpointContainer#0-1:355 ] - [ INFO ]  Bulk Index Success-test
2019-11-25 11:29:43  [ org.springframework.amqp.rabbit.RabbitListenerEndpointContainer#0-1:382 ] - [ DEBUG ]  Index-[test] Is Exist
2019-11-25 11:29:43  [ org.springframework.amqp.rabbit.RabbitListenerEndpointContainer#0-1:495 ] - [ INFO ]  Bulk Index Success-test
2019-11-25 11:29:43  [ org.springframework.amqp.rabbit.RabbitListenerEndpointContainer#0-1:522 ] - [ DEBUG ]  Index-[test] Is Exist
2019-11-25 11:29:43  [ org.springframework.amqp.rabbit.RabbitListenerEndpointContainer#0-1:640 ] - [ INFO ]  Bulk Index Success-test
2019-11-25 11:29:43  [ org.springframework.amqp.rabbit.RabbitListenerEndpointContainer#0-1:668 ] - [ DEBUG ]  Index-[test] Is Exist
2019-11-25 11:29:43  [ org.springframework.amqp.rabbit.RabbitListenerEndpointContainer#0-1:779 ] - [ INFO ]  Bulk Index Success-test
2019-11-25 11:29:43  [ org.springframework.amqp.rabbit.RabbitListenerEndpointContainer#0-1:808 ] - [ DEBUG ]  Index-[test] Is Exist
2019-11-25 11:29:44  [ org.springframework.amqp.rabbit.RabbitListenerEndpointContainer#0-1:929 ] - [ INFO ]  Bulk Index Success-test
2019-11-25 11:30:10  [ org.springframework.amqp.rabbit.RabbitListenerEndpointContainer#0-1:27116 ] - [ DEBUG ]  Index-[test] Is Exist
2019-11-25 11:30:10  [ org.springframework.amqp.rabbit.RabbitListenerEndpointContainer#0-1:27234 ] - [ INFO ]  Bulk Index Success-test
2019-11-25 11:30:20  [ org.springframework.amqp.rabbit.RabbitListenerEndpointContainer#0-1:36865 ] - [ DEBUG ]  Index-[test] Is Exist
2019-11-25 11:30:20  [ org.springframework.amqp.rabbit.RabbitListenerEndpointContainer#0-1:36986 ] - [ INFO ]  Bulk Index Success-test
2019-11-25 11:30:30  [ org.springframework.amqp.rabbit.RabbitListenerEndpointContainer#0-1:46861 ] - [ DEBUG ]  Index-[test] Is Exist
2019-11-25 11:30:30  [ org.springframework.amqp.rabbit.RabbitListenerEndpointContainer#0-1:46976 ] - [ INFO ]  Bulk Index Success-test
2019-11-25 11:30:40  [ org.springframework.amqp.rabbit.RabbitListenerEndpointContainer#0-1:56851 ] - [ DEBUG ]  Index-[test] Is Exist
2019-11-25 11:30:40  [ org.springframework.amqp.rabbit.RabbitListenerEndpointContainer#0-1:56967 ] - [ INFO ]  Bulk Index Success-test
2019-11-25 11:30:50  [ org.springframework.amqp.rabbit.RabbitListenerEndpointContainer#0-1:66863 ] - [ DEBUG ]  Index-[test] Is Exist
2019-11-25 11:30:50  [ org.springframework.amqp.rabbit.RabbitListenerEndpointContainer#0-1:66977 ] - [ INFO ]  Bulk Index Success-test
2019-11-25 11:33:04  [ org.springframework.amqp.rabbit.RabbitListenerEndpointContainer#0-1:0 ] - [ DEBUG ]  Index-[test] Is Exist
2019-11-25 11:33:04  [ org.springframework.amqp.rabbit.RabbitListenerEndpointContainer#0-1:411 ] - [ INFO ]  Bulk Index Success-test
2019-11-25 11:33:04  [ org.springframework.amqp.rabbit.RabbitListenerEndpointContainer#0-1:441 ] - [ DEBUG ]  Index-[test] Is Exist
2019-11-25 11:33:04  [ org.springframework.amqp.rabbit.RabbitListenerEndpointContainer#0-1:563 ] - [ INFO ]  Bulk Index Success-test
2019-11-25 11:33:29  [ org.springframework.amqp.rabbit.RabbitListenerEndpointContainer#0-1:0 ] - [ DEBUG ]  Index-[test] Is Exist
2019-11-25 11:33:29  [ org.springframework.amqp.rabbit.RabbitListenerEndpointContainer#0-1:245 ] - [ INFO ]  Bulk Index Success-test
2019-11-25 11:33:30  [ org.springframework.amqp.rabbit.RabbitListenerEndpointContainer#0-1:340 ] - [ DEBUG ]  Index-[test] Is Exist
2019-11-25 11:33:30  [ org.springframework.amqp.rabbit.RabbitListenerEndpointContainer#0-1:449 ] - [ INFO ]  Bulk Index Success-test
2019-11-25 11:33:50  [ org.springframework.amqp.rabbit.RabbitListenerEndpointContainer#0-1:20588 ] - [ DEBUG ]  Index-[test] Is Exist
2019-11-25 11:33:50  [ org.springframework.amqp.rabbit.RabbitListenerEndpointContainer#0-1:20696 ] - [ INFO ]  Bulk Index Success-test
2019-11-25 11:34:00  [ org.springframework.amqp.rabbit.RabbitListenerEndpointContainer#0-1:30305 ] - [ DEBUG ]  Index-[test] Is Exist
2019-11-25 11:34:00  [ org.springframework.amqp.rabbit.RabbitListenerEndpointContainer#0-1:30417 ] - [ INFO ]  Bulk Index Success-test
2019-11-25 11:34:10  [ org.springframework.amqp.rabbit.RabbitListenerEndpointContainer#0-1:40297 ] - [ DEBUG ]  Index-[test] Is Exist
2019-11-25 11:34:10  [ org.springframework.amqp.rabbit.RabbitListenerEndpointContainer#0-1:40409 ] - [ INFO ]  Bulk Index Success-test
2019-11-25 11:54:09  [ org.springframework.amqp.rabbit.RabbitListenerEndpointContainer#0-1:0 ] - [ DEBUG ]  Index-[test] Is Exist
2019-11-25 11:54:09  [ org.springframework.amqp.rabbit.RabbitListenerEndpointContainer#0-1:237 ] - [ INFO ]  Bulk Index Success-test
2019-11-25 11:54:09  [ org.springframework.amqp.rabbit.RabbitListenerEndpointContainer#0-1:265 ] - [ DEBUG ]  Index-[test] Is Exist
2019-11-25 11:54:09  [ org.springframework.amqp.rabbit.RabbitListenerEndpointContainer#0-1:427 ] - [ INFO ]  Bulk Index Success-test
2019-11-25 11:54:09  [ org.springframework.amqp.rabbit.RabbitListenerEndpointContainer#0-1:455 ] - [ DEBUG ]  Index-[test] Is Exist
2019-11-25 11:54:09  [ org.springframework.amqp.rabbit.RabbitListenerEndpointContainer#0-1:607 ] - [ INFO ]  Bulk Index Success-test
2019-11-25 12:10:19  [ org.springframework.amqp.rabbit.RabbitListenerEndpointContainer#0-1:0 ] - [ DEBUG ]  Index-[test] Is Exist
2019-11-25 12:10:19  [ org.springframework.amqp.rabbit.RabbitListenerEndpointContainer#0-1:205 ] - [ INFO ]  Bulk Index Success-test
