#
# A fatal error has been detected by the Java Runtime Environment:
#
#  Internal Error (javaCalls.cpp:51), pid=78980, tid=0x0000000000017270
#  guarantee(thread->is_Java_thread()) failed: crucial check - the VM thread cannot and must not escape to Java code
#
# JRE version: Java(TM) SE Runtime Environment (8.0_191-b12) (build 1.8.0_191-b12)
# Java VM: Java HotSpot(TM) 64-Bit Server VM (25.191-b12 mixed mode windows-amd64 compressed oops)
# Failed to write core dump. Minidumps are not enabled by default on client versions of Windows
#
# If you would like to submit a bug report, please visit:
#   http://bugreport.java.com/bugreport/crash.jsp
#

---------------  T H R E A D  ---------------

Current thread (0x000000001c7c9800):  VMThread [stack: 0x000000001e4a0000,0x000000001e5a0000] [id=94832]

Stack: [0x000000001e4a0000,0x000000001e5a0000]
[error occurred during error reporting (printing stack bounds), id 0xc0000005]

Native frames: (J=compiled Java code, j=interpreted, Vv=VM code, C=native code)

VM_Operation (0x000000001eeff200): GetOrSetLocal, mode: safepoint, requested by thread 0x000000001e64b000


---------------  P R O C E S S  ---------------

Java Threads: ( => current thread )
  0x0000000020244800 JavaThread "I/O dispatcher 8" [_thread_blocked, id=56956, stack(0x0000000021980000,0x0000000021a80000)]
  0x000000002023e000 JavaThread "I/O dispatcher 7" [_thread_blocked, id=82640, stack(0x0000000021880000,0x0000000021980000)]
  0x000000002023d800 JavaThread "I/O dispatcher 6" [_thread_blocked, id=56056, stack(0x0000000021780000,0x0000000021880000)]
  0x0000000020241800 JavaThread "I/O dispatcher 5" [_thread_blocked, id=59860, stack(0x0000000021680000,0x0000000021780000)]
  0x000000002023f000 JavaThread "I/O dispatcher 4" [_thread_blocked, id=89988, stack(0x0000000021580000,0x0000000021680000)]
  0x000000002023c800 JavaThread "I/O dispatcher 3" [_thread_blocked, id=92020, stack(0x0000000021480000,0x0000000021580000)]
  0x000000002023c000 JavaThread "I/O dispatcher 2" [_thread_blocked, id=76860, stack(0x0000000021380000,0x0000000021480000)]
  0x00000000201be000 JavaThread "I/O dispatcher 1" [_thread_blocked, id=72816, stack(0x0000000021280000,0x0000000021380000)]
  0x000000002022f800 JavaThread "pool-1-thread-1" [_thread_blocked, id=85756, stack(0x0000000021180000,0x0000000021280000)]
  0x000000001f1c5000 JavaThread "Service Thread" daemon [_thread_blocked, id=80536, stack(0x000000001fd00000,0x000000001fe00000)]
  0x000000001f143800 JavaThread "C1 CompilerThread3" daemon [_thread_blocked, id=49020, stack(0x000000001fc00000,0x000000001fd00000)]
  0x000000001f143000 JavaThread "C2 CompilerThread2" daemon [_thread_blocked, id=87848, stack(0x000000001fb00000,0x000000001fc00000)]
  0x000000001f140000 JavaThread "C2 CompilerThread1" daemon [_thread_blocked, id=104928, stack(0x000000001fa00000,0x000000001fb00000)]
  0x000000001e99d000 JavaThread "C2 CompilerThread0" daemon [_thread_blocked, id=64204, stack(0x000000001f900000,0x000000001fa00000)]
  0x000000001e657800 JavaThread "JDWP Command Reader" daemon [_thread_in_native, id=57436, stack(0x000000001f000000,0x000000001f100000)]
  0x000000001e656800 JavaThread "JDWP Event Helper Thread" daemon [_thread_blocked, id=79852, stack(0x000000001ef00000,0x000000001f000000)]
  0x000000001e64b000 JavaThread "JDWP Transport Listener: dt_socket" daemon [_thread_blocked, id=99208, stack(0x000000001ee00000,0x000000001ef00000)]
  0x000000001e63d000 JavaThread "Attach Listener" daemon [_thread_blocked, id=87656, stack(0x000000001ed00000,0x000000001ee00000)]
  0x000000001e63c800 JavaThread "Signal Dispatcher" daemon [_thread_blocked, id=73180, stack(0x000000001ec00000,0x000000001ed00000)]
  0x000000001e5c0800 JavaThread "Finalizer" daemon [_thread_blocked, id=78952, stack(0x000000001eaa0000,0x000000001eba0000)]
  0x0000000002cae000 JavaThread "Reference Handler" daemon [_thread_blocked, id=72288, stack(0x000000001e9a0000,0x000000001eaa0000)]
  0x0000000002bb7000 JavaThread "main" [_thread_blocked, id=107404, stack(0x0000000002ab0000,0x0000000002bb0000)]

Other Threads:
=>0x000000001c7c9800 VMThread [stack: 0x000000001e4a0000,0x000000001e5a0000] [id=94832]
  0x000000001f1fc800 WatcherThread [stack: 0x000000001fe00000,0x000000001ff00000] [id=17932]

VM state:at safepoint (normal execution)

VM Mutex/Monitor currently owned by a thread:  ([mutex/lock_event])
[0x0000000002bb4860] Threads_lock - owner thread: 0x000000001c7c9800

Heap:
 PSYoungGen      total 76288K, used 64353K [0x000000076b400000, 0x0000000770900000, 0x00000007c0000000)
  eden space 65536K, 98% used [0x000000076b400000,0x000000076f2d8478,0x000000076f400000)
  from space 10752K, 0% used [0x000000076fe80000,0x000000076fe80000,0x0000000770900000)
  to   space 10752K, 0% used [0x000000076f400000,0x000000076f400000,0x000000076fe80000)
 ParOldGen       total 175104K, used 0K [0x00000006c1c00000, 0x00000006cc700000, 0x000000076b400000)
  object space 175104K, 0% used [0x00000006c1c00000,0x00000006c1c00000,0x00000006cc700000)
 Metaspace       used 12841K, capacity 13234K, committed 13568K, reserved 1060864K
  class space    used 1529K, capacity 1675K, committed 1792K, reserved 1048576K

Card table byte_map: [0x0000000012170000,0x0000000012970000] byte_map_base: 0x000000000eb62000

Marking Bits: (ParMarkBitMap*) 0x0000000073143e30
 Begin Bits: [0x00000000136c0000, 0x0000000017650000)
 End Bits:   [0x0000000017650000, 0x000000001b5e0000)

Polling page: 0x0000000002530000

CodeCache: size=245760Kb used=4399Kb max_used=4399Kb free=241361Kb
 bounds [0x0000000002db0000, 0x0000000003210000, 0x0000000011db0000]
 total_blobs=1519 nmethods=1174 adapters=265
 compilation: enabled

Compilation events (10 events):
Event: 2151.213 Thread 0x000000001f143800 1170   !   3       sun.nio.ch.SelectorImpl::processDeregisterQueue (101 bytes)
Event: 2151.214 Thread 0x000000001f143800 nmethod 1170 0x00000000031e9f10 code [0x00000000031ea140, 0x00000000031ead18]
Event: 2505.098 Thread 0x000000001f143800 1171       3       java.nio.channels.spi.AbstractSelector::isOpen (8 bytes)
Event: 2505.100 Thread 0x000000001f143800 nmethod 1171 0x00000000031e9a50 code [0x00000000031e9bc0, 0x00000000031e9e50]
Event: 2505.101 Thread 0x000000001f143800 1172       3       java.util.concurrent.atomic.AtomicBoolean::get (13 bytes)
Event: 2505.101 Thread 0x000000001f143800 nmethod 1172 0x00000000031e96d0 code [0x00000000031e9820, 0x00000000031e99d0]
Event: 2505.101 Thread 0x000000001f143800 1173       1       org.apache.http.impl.nio.reactor.AbstractMultiworkerIOReactor$Worker::getThrowable (5 bytes)
Event: 2505.101 Thread 0x000000001f143800 nmethod 1173 0x00000000031e9410 code [0x00000000031e9560, 0x00000000031e9670]
Event: 3946.057 Thread 0x000000001f143800 1174       3       java.util.concurrent.ConcurrentLinkedQueue::poll (85 bytes)
Event: 3946.058 Thread 0x000000001f143800 nmethod 1174 0x00000000031e8490 code [0x00000000031e8660, 0x00000000031e9050]

GC Heap History (0 events):
No events

Deoptimization events (6 events):
Event: 1.911 Thread 0x0000000002bb7000 Uncommon trap: reason=unstable_if action=reinterpret pc=0x0000000002f590ec method=java.lang.String.indexOf([CII[CIII)I @ 3
Event: 2.621 Thread 0x0000000002bb7000 Uncommon trap: reason=unstable_if action=reinterpret pc=0x0000000002fdb91c method=java.io.WinNTFileSystem.normalize(Ljava/lang/String;)Ljava/lang/String; @ 128
Event: 2.635 Thread 0x0000000002bb7000 Uncommon trap: reason=class_check action=maybe_recompile pc=0x000000000308e27c method=java.util.regex.Pattern$BmpCharProperty.match(Ljava/util/regex/Matcher;ILjava/lang/CharSequence;)Z @ 31
Event: 2.635 Thread 0x0000000002bb7000 Uncommon trap: reason=unstable_if action=reinterpret pc=0x000000000308e1e0 method=java.util.regex.Pattern$BmpCharProperty.match(Ljava/util/regex/Matcher;ILjava/lang/CharSequence;)Z @ 5
Event: 3.206 Thread 0x0000000002bb7000 Uncommon trap: reason=unstable_if action=reinterpret pc=0x000000000314fc20 method=java.util.Arrays.equals([B[B)Z @ 2
Event: 3.245 Thread 0x0000000002bb7000 Uncommon trap: reason=unstable_if action=reinterpret pc=0x00000000031542a4 method=java.util.regex.Matcher.reset()Ljava/util/regex/Matcher; @ 47

Classes redefined (8 events):
Event: 279.892 Thread 0x000000001c7c9800 redefined class name=com.learn.elasticsearch.IndiceTest, count=1
Event: 304.592 Thread 0x000000001c7c9800 redefined class name=com.learn.elasticsearch.IndiceTest, count=2
Event: 906.444 Thread 0x000000001c7c9800 redefined class name=com.learn.elasticsearch.Indice, count=1
Event: 906.453 Thread 0x000000001c7c9800 redefined class name=com.learn.elasticsearch.IndiceTest, count=3
Event: 926.855 Thread 0x000000001c7c9800 redefined class name=com.learn.elasticsearch.IndiceTest, count=4
Event: 3965.705 Thread 0x000000001c7c9800 redefined class name=com.learn.elasticsearch.IndiceTest, count=5
Event: 4168.170 Thread 0x000000001c7c9800 redefined class name=com.learn.elasticsearch.IndiceTest, count=6
Event: 4297.537 Thread 0x000000001c7c9800 redefined class name=com.learn.elasticsearch.IndiceTest, count=7

Internal exceptions (10 events):
Event: 0.915 Thread 0x0000000002bb7000 Exception <a 'java/security/PrivilegedActionException'> (0x000000076b6bd800) thrown at [C:\re\workspace\8-2-build-windows-amd64-cygwin\jdk8u191\11896\hotspot\src\share\vm\prims\jvm.cpp, line 1435]
Event: 1.102 Thread 0x0000000002bb7000 Exception <a 'java/io/FileNotFoundException'> (0x000000076ba7ec28) thrown at [C:\re\workspace\8-2-build-windows-amd64-cygwin\jdk8u191\11896\hotspot\src\share\vm\prims\jni.cpp, line 709]
Event: 1.130 Thread 0x0000000002bb7000 Exception <a 'java/security/PrivilegedActionException'> (0x000000076bad4a60) thrown at [C:\re\workspace\8-2-build-windows-amd64-cygwin\jdk8u191\11896\hotspot\src\share\vm\prims\jvm.cpp, line 1435]
Event: 1.130 Thread 0x0000000002bb7000 Exception <a 'java/security/PrivilegedActionException'> (0x000000076bad4c70) thrown at [C:\re\workspace\8-2-build-windows-amd64-cygwin\jdk8u191\11896\hotspot\src\share\vm\prims\jvm.cpp, line 1435]
Event: 1.132 Thread 0x0000000002bb7000 Exception <a 'java/security/PrivilegedActionException'> (0x000000076bad8b80) thrown at [C:\re\workspace\8-2-build-windows-amd64-cygwin\jdk8u191\11896\hotspot\src\share\vm\prims\jvm.cpp, line 1435]
Event: 1.132 Thread 0x0000000002bb7000 Exception <a 'java/security/PrivilegedActionException'> (0x000000076bad8d90) thrown at [C:\re\workspace\8-2-build-windows-amd64-cygwin\jdk8u191\11896\hotspot\src\share\vm\prims\jvm.cpp, line 1435]
Event: 1.743 Thread 0x0000000002bb7000 Exception <a 'java/lang/NoSuchFieldError': method resolution failed> (0x000000076c64df08) thrown at [C:\re\workspace\8-2-build-windows-amd64-cygwin\jdk8u191\11896\hotspot\src\share\vm\prims\methodHandles.cpp, line 1167]
Event: 1.746 Thread 0x0000000002bb7000 Exception <a 'java/lang/NoSuchFieldError': method resolution failed> (0x000000076c65be98) thrown at [C:\re\workspace\8-2-build-windows-amd64-cygwin\jdk8u191\11896\hotspot\src\share\vm\prims\methodHandles.cpp, line 1167]
Event: 1.892 Thread 0x0000000002bb7000 Exception <a 'java/lang/NoClassDefFoundError': org/apache/log4j/Priority> (0x000000076c8b0580) thrown at [C:\re\workspace\8-2-build-windows-amd64-cygwin\jdk8u191\11896\hotspot\src\share\vm\classfile\systemDictionary.cpp, line 199]
Event: 3.531 Thread 0x0000000002bb7000 Exception <a 'java/lang/NoSuchMethodError': java.lang.Object.lambda$identity$2(Ljava/lang/Object;)Ljava/lang/Object;> (0x000000076e7ea3f8) thrown at [C:\re\workspace\8-2-build-windows-amd64-cygwin\jdk8u191\11896\hotspot\src\share\vm\interpreter\linkResolv

Events (10 events):
Event: 4297.537 Executing VM operation: RedefineClasses done
Event: 4297.538 Executing VM operation: GetOrSetLocal
Event: 4297.538 Executing VM operation: GetOrSetLocal done
Event: 4297.723 Executing VM operation: GetOrSetLocal
Event: 4297.723 Executing VM operation: GetOrSetLocal done
Event: 4297.723 Executing VM operation: GetOrSetLocal
Event: 4297.723 Executing VM operation: GetOrSetLocal done
Event: 4297.725 Executing VM operation: GetOrSetLocal
Event: 4297.725 Executing VM operation: GetOrSetLocal done
Event: 4297.726 Executing VM operation: GetOrSetLocal


Dynamic libraries:
0x00007ff6bc460000 - 0x00007ff6bc497000 	C:\Program Files\Java\jdk1.8.0_191\bin\java.exe
0x00007ffb68860000 - 0x00007ffb68a41000 	C:\windows\SYSTEM32\ntdll.dll
0x00007ffb65cf0000 - 0x00007ffb65da1000 	C:\windows\System32\KERNEL32.DLL
0x00007ffb64ec0000 - 0x00007ffb65133000 	C:\windows\System32\KERNELBASE.dll
0x00007ffb667b0000 - 0x00007ffb66851000 	C:\windows\System32\ADVAPI32.dll
0x00007ffb66470000 - 0x00007ffb6650e000 	C:\windows\System32\msvcrt.dll
0x00007ffb66900000 - 0x00007ffb6695b000 	C:\windows\System32\sechost.dll
0x00007ffb66660000 - 0x00007ffb66784000 	C:\windows\System32\RPCRT4.dll
0x00007ffb662d0000 - 0x00007ffb66460000 	C:\windows\System32\USER32.dll
0x00007ffb65440000 - 0x00007ffb65460000 	C:\windows\System32\win32u.dll
0x00007ffb65dc0000 - 0x00007ffb65de8000 	C:\windows\System32\GDI32.dll
0x00007ffb651f0000 - 0x00007ffb65381000 	C:\windows\System32\gdi32full.dll
0x00007ffb64c30000 - 0x00007ffb64ccf000 	C:\windows\System32\msvcp_win.dll
0x00007ffb65b70000 - 0x00007ffb65c68000 	C:\windows\System32\ucrtbase.dll
0x00007ffb45500000 - 0x00007ffb45769000 	C:\windows\WinSxS\amd64_microsoft.windows.common-controls_6595b64144ccf1df_6.0.17134.950_none_fb3da4273069d3e0\COMCTL32.dll
0x00007ffb68370000 - 0x00007ffb68692000 	C:\windows\System32\combase.dll
0x00007ffb65c70000 - 0x00007ffb65ce9000 	C:\windows\System32\bcryptPrimitives.dll
0x00007ffb67f90000 - 0x00007ffb67fbd000 	C:\windows\System32\IMM32.DLL
0x00000000731d0000 - 0x00000000732a2000 	C:\Program Files\Java\jdk1.8.0_191\jre\bin\msvcr100.dll
0x0000000072920000 - 0x00000000731c4000 	C:\Program Files\Java\jdk1.8.0_191\jre\bin\server\jvm.dll
0x00007ffb66460000 - 0x00007ffb66468000 	C:\windows\System32\PSAPI.DLL
0x00007ffb5f2d0000 - 0x00007ffb5f2f3000 	C:\windows\SYSTEM32\WINMM.dll
0x00007ffb5b1f0000 - 0x00007ffb5b1fa000 	C:\windows\SYSTEM32\VERSION.dll
0x00007ffb41ce0000 - 0x00007ffb41ce9000 	C:\windows\SYSTEM32\WSOCK32.dll
0x00007ffb67da0000 - 0x00007ffb67e0c000 	C:\windows\System32\WS2_32.dll
0x00007ffb5f0e0000 - 0x00007ffb5f10a000 	C:\windows\SYSTEM32\WINMMBASE.dll
0x00007ffb65140000 - 0x00007ffb65189000 	C:\windows\System32\cfgmgr32.dll
0x0000000072910000 - 0x000000007291f000 	C:\Program Files\Java\jdk1.8.0_191\jre\bin\verify.dll
0x00000000728e0000 - 0x0000000072909000 	C:\Program Files\Java\jdk1.8.0_191\jre\bin\java.dll
0x0000000072760000 - 0x0000000072795000 	C:\Program Files\Java\jdk1.8.0_191\jre\bin\jdwp.dll
0x0000000072750000 - 0x0000000072758000 	C:\Program Files\Java\jdk1.8.0_191\jre\bin\npt.dll
0x0000000072720000 - 0x0000000072743000 	C:\Program Files\Java\jdk1.8.0_191\jre\bin\instrument.dll
0x00000000727e0000 - 0x00000000727f6000 	C:\Program Files\Java\jdk1.8.0_191\jre\bin\zip.dll
0x00007ffb66960000 - 0x00007ffb67da0000 	C:\windows\System32\SHELL32.dll
0x00007ffb67fc0000 - 0x00007ffb68069000 	C:\windows\System32\shcore.dll
0x00007ffb65460000 - 0x00007ffb65b6d000 	C:\windows\System32\windows.storage.dll
0x00007ffb68770000 - 0x00007ffb687c1000 	C:\windows\System32\shlwapi.dll
0x00007ffb64bb0000 - 0x00007ffb64bc1000 	C:\windows\System32\kernel.appcore.dll
0x00007ffb64b90000 - 0x00007ffb64baf000 	C:\windows\System32\profapi.dll
0x00007ffb64bd0000 - 0x00007ffb64c1c000 	C:\windows\System32\powrprof.dll
0x00007ffb64c20000 - 0x00007ffb64c2a000 	C:\windows\System32\FLTLIB.DLL
0x0000000072710000 - 0x0000000072719000 	C:\Program Files\Java\jdk1.8.0_191\jre\bin\dt_socket.dll
0x00007ffb46e30000 - 0x00007ffb46f3d000 	C:\windows\SysWOW64\ierd_tgp_lsp64.dll
0x00007ffb68210000 - 0x00007ffb68361000 	C:\windows\System32\ole32.dll
0x00007ffb643f0000 - 0x00007ffb64456000 	C:\windows\system32\mswsock.dll
0x00000000726e0000 - 0x0000000072704000 	C:\Program Files\Java\jdk1.8.0_191\jre\bin\sunec.dll
0x00000000727c0000 - 0x00000000727da000 	C:\Program Files\Java\jdk1.8.0_191\jre\bin\net.dll
0x00007ffb64130000 - 0x00007ffb64168000 	C:\windows\SYSTEM32\IPHLPAPI.DLL
0x00007ffb65db0000 - 0x00007ffb65db8000 	C:\windows\System32\NSI.dll
0x00007ffb5b430000 - 0x00007ffb5b446000 	C:\windows\SYSTEM32\dhcpcsvc6.DLL
0x00007ffb5b560000 - 0x00007ffb5b57a000 	C:\windows\SYSTEM32\dhcpcsvc.DLL
0x00000000727a0000 - 0x00000000727b1000 	C:\Program Files\Java\jdk1.8.0_191\jre\bin\nio.dll
0x00007ffb645a0000 - 0x00007ffb645b7000 	C:\windows\SYSTEM32\CRYPTSP.dll
0x00007ffb63f40000 - 0x00007ffb63f73000 	C:\windows\system32\rsaenh.dll
0x00007ffb646d0000 - 0x00007ffb646f5000 	C:\windows\SYSTEM32\bcrypt.dll
0x00007ffb64a70000 - 0x00007ffb64a98000 	C:\windows\SYSTEM32\USERENV.dll
0x00007ffb645c0000 - 0x00007ffb645cb000 	C:\windows\SYSTEM32\CRYPTBASE.dll

VM Arguments:
jvm_args: -agentlib:jdwp=transport=dt_socket,address=127.0.0.1:53064,suspend=y,server=n -ea -Didea.test.cyclic.buffer.size=1048576 -javaagent:C:\Users\dong6\.IntelliJIdea2018.2\system\captureAgent\debugger-agent.jar=file:/C:/Users/dong6/AppData/Local/Temp/capture.props -Dfile.encoding=UTF-8 
java_command: com.intellij.rt.execution.junit.JUnitStarter -ideVersion5 -junit4 com.learn.elasticsearch.IndiceTest,putMapping
java_class_path (initial): E:\IntelliJ IDEA 2018.2.5\lib\idea_rt.jar;E:\IntelliJ IDEA 2018.2.5\plugins\junit\lib\junit-rt.jar;E:\IntelliJ IDEA 2018.2.5\plugins\junit\lib\junit5-rt.jar;C:\Program Files\Java\jdk1.8.0_191\jre\lib\charsets.jar;C:\Program Files\Java\jdk1.8.0_191\jre\lib\deploy.jar;C:\Program Files\Java\jdk1.8.0_191\jre\lib\ext\access-bridge-64.jar;C:\Program Files\Java\jdk1.8.0_191\jre\lib\ext\cldrdata.jar;C:\Program Files\Java\jdk1.8.0_191\jre\lib\ext\dnsns.jar;C:\Program Files\Java\jdk1.8.0_191\jre\lib\ext\jaccess.jar;C:\Program Files\Java\jdk1.8.0_191\jre\lib\ext\jfxrt.jar;C:\Program Files\Java\jdk1.8.0_191\jre\lib\ext\localedata.jar;C:\Program Files\Java\jdk1.8.0_191\jre\lib\ext\nashorn.jar;C:\Program Files\Java\jdk1.8.0_191\jre\lib\ext\sunec.jar;C:\Program Files\Java\jdk1.8.0_191\jre\lib\ext\sunjce_provider.jar;C:\Program Files\Java\jdk1.8.0_191\jre\lib\ext\sunmscapi.jar;C:\Program Files\Java\jdk1.8.0_191\jre\lib\ext\sunpkcs11.jar;C:\Program Files\Java\jdk1.8.0_191\jre\lib\ext\zipfs.jar;C:\Program Files\Java\jdk1.8.0_191\jre\lib\gdal.jar;C:\Program Files\Java\jdk1.8.0_191\jre\lib\javaws.jar;C:\Program Files\Java\jdk1.8.0_191\jre\lib\jce.jar;C:\Program Files\Java\jdk1.8.0_191\jre\lib\jfr.jar;C:\Program Files\Java\jdk1.8.0_191\jre\lib\jfxswt.jar;C:\Program Files\Java\jdk1.8.0_191\jre\lib\jsse.jar;C:\Program Files\Java\jdk1.8.0_191\jre\lib\management-agent.jar;C:\Program Files\Java\jdk1.8.0_191\jre\lib\plugin.jar;C:\Program Files\Java\jdk1.8.0_191\jre\lib\resources.jar;C:\Program Files\Java\jdk1.8.0_191\jre\lib\rt.jar;C:\Users\dong6\Desktop\elasticsearch\elasticsearch-core\target\test-classes;C:\Users\dong6\Desktop\elasticsearch\elasticsearch-core\target\classes;C:\Users\dong6\.m2\repository\commons-logging\commons-logging\1.2\commons-logging-1.2.jar;C:\Users\dong6\.m2\repository\mysql\mysql-connector-java\8.0.17\mysql-connector-java-8.0.17.jar;C:\Users\dong6\.m2\repository\com\vividsolutions\jts\1.13\jts-1.13.jar;C:\Users\dong6\.m2\repository\org\ge
Launcher Type: SUN_STANDARD

Environment Variables:
JAVA_HOME=C:\Program Files\Java\jdk1.8.0_191
CLASSPATH=C:\Program Files\Java\jdk1.8.0_191\lib\tools.jar
PATH=C:\Program Files (x86)\Common Files\Oracle\Java\javapath;C:\windows\system32;C:\windows;C:\windows\System32\Wbem;C:\windows\System32\WindowsPowerShell\v1.0\;C:\windows\System32\OpenSSH\;C:\Program Files (x86)\NVIDIA Corporation\PhysX\Common;E:\Git\cmd;F:\hadoop-common-2.2.0-bin\bin;D:\google download\release-1911-x64-gdal-2-3-2-mapserver-7-2-1\bin;E:\apache-maven-3.6.0-bin\apache-maven-3.6.0\bin;D:\google download\apache-tomcat-9.0.13\bin;D:\google download\Gdal\release-1600-x64\bin\gdal\apps;D:\google download\Gdal\release-1600-x64\bin;C:\Program Files\Java\jdk1.8.0_191\bin;C:\Program Files\Java\jdk1.8.0_191\jre\bin;D:\hadoop-2.7.3\bin;D:\hadoop-2.7.3\sbin;D:\hadoop-2.7.3\hbase-1.2.0\bin;D:\hadoop-2.7.3\hbase-1.2.0\lib;C:\Program Files\Intel\WiFi\bin\;C:\Program Files\Common Files\Intel\WirelessCommon\;E:\Anaconda\Scripts;E:\Anaconda;E:\redis\;C:\Program Files\NVIDIA Corporation\NVIDIA NvDLISR;D:\spark-2.4.3-bin-hadoop2.7\bin;E:\Node\;E:\Cmake\bin;C:\Users\dong6\AppData\Local\Microsoft\WindowsApps;C:\Users\dong6\AppData\Local\Programs\Microsoft VS Code\bin;D:\hadoop-2.7.3\bin;D:\hadoop-2.7.3\sbin;C:\Users\dong6\AppData\Roaming\npm
USERNAME=dong6
OS=Windows_NT
PROCESSOR_IDENTIFIER=Intel64 Family 6 Model 142 Stepping 11, GenuineIntel



---------------  S Y S T E M  ---------------

OS: Windows 10.0 , 64 bit Build 17134 (10.0.17134.753)

CPU:total 8 (initial active 8) (4 cores per cpu, 2 threads per core) family 6 model 142 stepping 11, cmov, cx8, fxsr, mmx, sse, sse2, sse3, ssse3, sse4.1, sse4.2, popcnt, avx, avx2, aes, clmul, erms, 3dnowpref, lzcnt, ht, tsc, tscinvbit, bmi1, bmi2, adx

Memory: 4k page, physical 16661816k(8588000k free), swap 24788280k(10231152k free)

vm_info: Java HotSpot(TM) 64-Bit Server VM (25.191-b12) for windows-amd64 JRE (1.8.0_191-b12), built on Oct  6 2018 09:29:03 by "java_re" with MS VC++ 10.0 (VS2010)

time: Mon Sep 09 11:27:34 2019
elapsed time: 4297 seconds (0d 1h 11m 37s)

